<?xml version="1.0" encoding="UTF-8"?>
<testsuite xmlns:xsi="http://www.w3.org/2001/XMLSchema-instance" xsi:noNamespaceSchemaLocation="https://maven.apache.org/surefire/maven-surefire-plugin/xsd/surefire-test-report-3.0.xsd" version="3.0" name="com.example.AuthTest" time="6.882" tests="6" errors="0" skipped="0" failures="0">
  <properties>
    <property name="java.specification.version" value="22"/>
    <property name="sun.jnu.encoding" value="UTF-8"/>
    <property name="java.class.path" value="/Users/carolinacosta/restAssured-API/target/test-classes:/Users/carolinacosta/restAssured-API/target/classes:/Users/carolinacosta/.m2/repository/junit/junit/4.13.2/junit-4.13.2.jar:/Users/carolinacosta/.m2/repository/org/hamcrest/hamcrest-core/1.3/hamcrest-core-1.3.jar:/Users/carolinacosta/.m2/repository/io/rest-assured/rest-assured/4.4.0/rest-assured-4.4.0.jar:/Users/carolinacosta/.m2/repository/org/codehaus/groovy/groovy/3.0.8/groovy-3.0.8.jar:/Users/carolinacosta/.m2/repository/org/codehaus/groovy/groovy-xml/3.0.8/groovy-xml-3.0.8.jar:/Users/carolinacosta/.m2/repository/org/apache/httpcomponents/httpclient/4.5.13/httpclient-4.5.13.jar:/Users/carolinacosta/.m2/repository/org/apache/httpcomponents/httpcore/4.4.13/httpcore-4.4.13.jar:/Users/carolinacosta/.m2/repository/commons-logging/commons-logging/1.2/commons-logging-1.2.jar:/Users/carolinacosta/.m2/repository/commons-codec/commons-codec/1.11/commons-codec-1.11.jar:/Users/carolinacosta/.m2/repository/org/apache/httpcomponents/httpmime/4.5.13/httpmime-4.5.13.jar:/Users/carolinacosta/.m2/repository/org/hamcrest/hamcrest/2.1/hamcrest-2.1.jar:/Users/carolinacosta/.m2/repository/org/ccil/cowan/tagsoup/tagsoup/1.2.1/tagsoup-1.2.1.jar:/Users/carolinacosta/.m2/repository/io/rest-assured/json-path/4.4.0/json-path-4.4.0.jar:/Users/carolinacosta/.m2/repository/org/codehaus/groovy/groovy-json/3.0.8/groovy-json-3.0.8.jar:/Users/carolinacosta/.m2/repository/io/rest-assured/rest-assured-common/4.4.0/rest-assured-common-4.4.0.jar:/Users/carolinacosta/.m2/repository/io/rest-assured/xml-path/4.4.0/xml-path-4.4.0.jar:/Users/carolinacosta/.m2/repository/org/apache/commons/commons-lang3/3.11/commons-lang3-3.11.jar:/Users/carolinacosta/.m2/repository/jakarta/xml/bind/jakarta.xml.bind-api/2.3.3/jakarta.xml.bind-api-2.3.3.jar:/Users/carolinacosta/.m2/repository/jakarta/activation/jakarta.activation-api/1.2.2/jakarta.activation-api-1.2.2.jar:/Users/carolinacosta/.m2/repository/com/sun/xml/bind/jaxb-impl/2.3.3/jaxb-impl-2.3.3.jar:/Users/carolinacosta/.m2/repository/com/google/code/gson/gson/2.10.1/gson-2.10.1.jar:/Users/carolinacosta/.m2/repository/io/rest-assured/json-schema-validator/5.0.0/json-schema-validator-5.0.0.jar:/Users/carolinacosta/.m2/repository/com/github/java-json-tools/json-schema-validator/2.2.14/json-schema-validator-2.2.14.jar:/Users/carolinacosta/.m2/repository/com/google/guava/guava/28.2-android/guava-28.2-android.jar:/Users/carolinacosta/.m2/repository/com/google/guava/failureaccess/1.0.1/failureaccess-1.0.1.jar:/Users/carolinacosta/.m2/repository/com/google/guava/listenablefuture/9999.0-empty-to-avoid-conflict-with-guava/listenablefuture-9999.0-empty-to-avoid-conflict-with-guava.jar:/Users/carolinacosta/.m2/repository/org/checkerframework/checker-compat-qual/2.5.5/checker-compat-qual-2.5.5.jar:/Users/carolinacosta/.m2/repository/com/google/errorprone/error_prone_annotations/2.3.4/error_prone_annotations-2.3.4.jar:/Users/carolinacosta/.m2/repository/com/google/j2objc/j2objc-annotations/1.3/j2objc-annotations-1.3.jar:/Users/carolinacosta/.m2/repository/com/github/java-json-tools/jackson-coreutils-equivalence/1.0/jackson-coreutils-equivalence-1.0.jar:/Users/carolinacosta/.m2/repository/com/fasterxml/jackson/core/jackson-databind/2.11.0/jackson-databind-2.11.0.jar:/Users/carolinacosta/.m2/repository/com/fasterxml/jackson/core/jackson-annotations/2.11.0/jackson-annotations-2.11.0.jar:/Users/carolinacosta/.m2/repository/com/fasterxml/jackson/core/jackson-core/2.11.0/jackson-core-2.11.0.jar:/Users/carolinacosta/.m2/repository/com/github/java-json-tools/jackson-coreutils/2.0/jackson-coreutils-2.0.jar:/Users/carolinacosta/.m2/repository/com/github/java-json-tools/msg-simple/1.2/msg-simple-1.2.jar:/Users/carolinacosta/.m2/repository/com/github/java-json-tools/btf/1.3/btf-1.3.jar:/Users/carolinacosta/.m2/repository/com/github/java-json-tools/json-schema-core/1.2.14/json-schema-core-1.2.14.jar:/Users/carolinacosta/.m2/repository/com/github/java-json-tools/uri-template/0.10/uri-template-0.10.jar:/Users/carolinacosta/.m2/repository/org/mozilla/rhino/1.7.7.2/rhino-1.7.7.2.jar:/Users/carolinacosta/.m2/repository/com/sun/mail/mailapi/1.6.2/mailapi-1.6.2.jar:/Users/carolinacosta/.m2/repository/joda-time/joda-time/2.10.5/joda-time-2.10.5.jar:/Users/carolinacosta/.m2/repository/com/googlecode/libphonenumber/libphonenumber/8.11.1/libphonenumber-8.11.1.jar:/Users/carolinacosta/.m2/repository/com/google/code/findbugs/jsr305/3.0.2/jsr305-3.0.2.jar:/Users/carolinacosta/.m2/repository/net/sf/jopt-simple/jopt-simple/5.0.4/jopt-simple-5.0.4.jar:"/>
    <property name="java.vm.vendor" value="Homebrew"/>
    <property name="sun.arch.data.model" value="64"/>
    <property name="java.vendor.url" value="https://github.com/Homebrew/homebrew-core/issues"/>
    <property name="user.timezone" value="America/Sao_Paulo"/>
    <property name="os.name" value="Mac OS X"/>
    <property name="java.vm.specification.version" value="22"/>
    <property name="sun.java.launcher" value="SUN_STANDARD"/>
    <property name="user.country" value="BR"/>
    <property name="sun.boot.library.path" value="/opt/homebrew/Cellar/openjdk/22.0.2/libexec/openjdk.jdk/Contents/Home/lib"/>
    <property name="sun.java.command" value="/Users/carolinacosta/restAssured-API/target/surefire/surefirebooter-20240813134518204_3.jar /Users/carolinacosta/restAssured-API/target/surefire 2024-08-13T13-45-18_144-jvmRun1 surefire-20240813134518204_1tmp surefire_0-20240813134518204_2tmp"/>
    <property name="http.nonProxyHosts" value="local|*.local|169.254/16|*.169.254/16"/>
    <property name="jdk.debug" value="release"/>
    <property name="surefire.test.class.path" value="/Users/carolinacosta/restAssured-API/target/test-classes:/Users/carolinacosta/restAssured-API/target/classes:/Users/carolinacosta/.m2/repository/junit/junit/4.13.2/junit-4.13.2.jar:/Users/carolinacosta/.m2/repository/org/hamcrest/hamcrest-core/1.3/hamcrest-core-1.3.jar:/Users/carolinacosta/.m2/repository/io/rest-assured/rest-assured/4.4.0/rest-assured-4.4.0.jar:/Users/carolinacosta/.m2/repository/org/codehaus/groovy/groovy/3.0.8/groovy-3.0.8.jar:/Users/carolinacosta/.m2/repository/org/codehaus/groovy/groovy-xml/3.0.8/groovy-xml-3.0.8.jar:/Users/carolinacosta/.m2/repository/org/apache/httpcomponents/httpclient/4.5.13/httpclient-4.5.13.jar:/Users/carolinacosta/.m2/repository/org/apache/httpcomponents/httpcore/4.4.13/httpcore-4.4.13.jar:/Users/carolinacosta/.m2/repository/commons-logging/commons-logging/1.2/commons-logging-1.2.jar:/Users/carolinacosta/.m2/repository/commons-codec/commons-codec/1.11/commons-codec-1.11.jar:/Users/carolinacosta/.m2/repository/org/apache/httpcomponents/httpmime/4.5.13/httpmime-4.5.13.jar:/Users/carolinacosta/.m2/repository/org/hamcrest/hamcrest/2.1/hamcrest-2.1.jar:/Users/carolinacosta/.m2/repository/org/ccil/cowan/tagsoup/tagsoup/1.2.1/tagsoup-1.2.1.jar:/Users/carolinacosta/.m2/repository/io/rest-assured/json-path/4.4.0/json-path-4.4.0.jar:/Users/carolinacosta/.m2/repository/org/codehaus/groovy/groovy-json/3.0.8/groovy-json-3.0.8.jar:/Users/carolinacosta/.m2/repository/io/rest-assured/rest-assured-common/4.4.0/rest-assured-common-4.4.0.jar:/Users/carolinacosta/.m2/repository/io/rest-assured/xml-path/4.4.0/xml-path-4.4.0.jar:/Users/carolinacosta/.m2/repository/org/apache/commons/commons-lang3/3.11/commons-lang3-3.11.jar:/Users/carolinacosta/.m2/repository/jakarta/xml/bind/jakarta.xml.bind-api/2.3.3/jakarta.xml.bind-api-2.3.3.jar:/Users/carolinacosta/.m2/repository/jakarta/activation/jakarta.activation-api/1.2.2/jakarta.activation-api-1.2.2.jar:/Users/carolinacosta/.m2/repository/com/sun/xml/bind/jaxb-impl/2.3.3/jaxb-impl-2.3.3.jar:/Users/carolinacosta/.m2/repository/com/google/code/gson/gson/2.10.1/gson-2.10.1.jar:/Users/carolinacosta/.m2/repository/io/rest-assured/json-schema-validator/5.0.0/json-schema-validator-5.0.0.jar:/Users/carolinacosta/.m2/repository/com/github/java-json-tools/json-schema-validator/2.2.14/json-schema-validator-2.2.14.jar:/Users/carolinacosta/.m2/repository/com/google/guava/guava/28.2-android/guava-28.2-android.jar:/Users/carolinacosta/.m2/repository/com/google/guava/failureaccess/1.0.1/failureaccess-1.0.1.jar:/Users/carolinacosta/.m2/repository/com/google/guava/listenablefuture/9999.0-empty-to-avoid-conflict-with-guava/listenablefuture-9999.0-empty-to-avoid-conflict-with-guava.jar:/Users/carolinacosta/.m2/repository/org/checkerframework/checker-compat-qual/2.5.5/checker-compat-qual-2.5.5.jar:/Users/carolinacosta/.m2/repository/com/google/errorprone/error_prone_annotations/2.3.4/error_prone_annotations-2.3.4.jar:/Users/carolinacosta/.m2/repository/com/google/j2objc/j2objc-annotations/1.3/j2objc-annotations-1.3.jar:/Users/carolinacosta/.m2/repository/com/github/java-json-tools/jackson-coreutils-equivalence/1.0/jackson-coreutils-equivalence-1.0.jar:/Users/carolinacosta/.m2/repository/com/fasterxml/jackson/core/jackson-databind/2.11.0/jackson-databind-2.11.0.jar:/Users/carolinacosta/.m2/repository/com/fasterxml/jackson/core/jackson-annotations/2.11.0/jackson-annotations-2.11.0.jar:/Users/carolinacosta/.m2/repository/com/fasterxml/jackson/core/jackson-core/2.11.0/jackson-core-2.11.0.jar:/Users/carolinacosta/.m2/repository/com/github/java-json-tools/jackson-coreutils/2.0/jackson-coreutils-2.0.jar:/Users/carolinacosta/.m2/repository/com/github/java-json-tools/msg-simple/1.2/msg-simple-1.2.jar:/Users/carolinacosta/.m2/repository/com/github/java-json-tools/btf/1.3/btf-1.3.jar:/Users/carolinacosta/.m2/repository/com/github/java-json-tools/json-schema-core/1.2.14/json-schema-core-1.2.14.jar:/Users/carolinacosta/.m2/repository/com/github/java-json-tools/uri-template/0.10/uri-template-0.10.jar:/Users/carolinacosta/.m2/repository/org/mozilla/rhino/1.7.7.2/rhino-1.7.7.2.jar:/Users/carolinacosta/.m2/repository/com/sun/mail/mailapi/1.6.2/mailapi-1.6.2.jar:/Users/carolinacosta/.m2/repository/joda-time/joda-time/2.10.5/joda-time-2.10.5.jar:/Users/carolinacosta/.m2/repository/com/googlecode/libphonenumber/libphonenumber/8.11.1/libphonenumber-8.11.1.jar:/Users/carolinacosta/.m2/repository/com/google/code/findbugs/jsr305/3.0.2/jsr305-3.0.2.jar:/Users/carolinacosta/.m2/repository/net/sf/jopt-simple/jopt-simple/5.0.4/jopt-simple-5.0.4.jar:"/>
    <property name="sun.cpu.endian" value="little"/>
    <property name="user.home" value="/Users/carolinacosta"/>
    <property name="user.language" value="en"/>
    <property name="java.specification.vendor" value="Oracle Corporation"/>
    <property name="java.version.date" value="2024-07-16"/>
    <property name="java.home" value="/opt/homebrew/Cellar/openjdk/22.0.2/libexec/openjdk.jdk/Contents/Home"/>
    <property name="file.separator" value="/"/>
    <property name="basedir" value="/Users/carolinacosta/restAssured-API"/>
    <property name="java.vm.compressedOopsMode" value="Zero based"/>
    <property name="line.separator" value="&#10;"/>
    <property name="java.vm.specification.vendor" value="Oracle Corporation"/>
    <property name="java.specification.name" value="Java Platform API Specification"/>
    <property name="apple.awt.application.name" value="ForkedBooter"/>
    <property name="surefire.real.class.path" value="/Users/carolinacosta/restAssured-API/target/surefire/surefirebooter-20240813134518204_3.jar"/>
    <property name="sun.management.compiler" value="HotSpot 64-Bit Tiered Compilers"/>
    <property name="ftp.nonProxyHosts" value="local|*.local|169.254/16|*.169.254/16"/>
    <property name="java.runtime.version" value="22.0.2"/>
    <property name="user.name" value="carolinacosta"/>
    <property name="stdout.encoding" value="UTF-8"/>
    <property name="path.separator" value=":"/>
    <property name="os.version" value="14.5"/>
    <property name="java.runtime.name" value="OpenJDK Runtime Environment"/>
    <property name="file.encoding" value="UTF-8"/>
    <property name="java.vm.name" value="OpenJDK 64-Bit Server VM"/>
    <property name="java.vendor.version" value="Homebrew"/>
    <property name="localRepository" value="/Users/carolinacosta/.m2/repository"/>
    <property name="java.vendor.url.bug" value="https://github.com/Homebrew/homebrew-core/issues"/>
    <property name="java.io.tmpdir" value="/var/folders/d3/xgp1hjw55k9__4kq2636lptm0000gn/T/"/>
    <property name="java.version" value="22.0.2"/>
    <property name="user.dir" value="/Users/carolinacosta/restAssured-API"/>
    <property name="os.arch" value="aarch64"/>
    <property name="java.vm.specification.name" value="Java Virtual Machine Specification"/>
    <property name="native.encoding" value="UTF-8"/>
    <property name="java.library.path" value="/Users/carolinacosta/Library/Java/Extensions:/Library/Java/Extensions:/Network/Library/Java/Extensions:/System/Library/Java/Extensions:/usr/lib/java:."/>
    <property name="java.vm.info" value="mixed mode, sharing"/>
    <property name="stderr.encoding" value="UTF-8"/>
    <property name="java.vendor" value="Homebrew"/>
    <property name="java.vm.version" value="22.0.2"/>
    <property name="sun.io.unicode.encoding" value="UnicodeBig"/>
    <property name="socksNonProxyHosts" value="local|*.local|169.254/16|*.169.254/16"/>
    <property name="java.class.version" value="66.0"/>
  </properties>
  <testcase name="testSWAPI" classname="com.example.AuthTest" time="1.396">
    <system-out><![CDATA[Request method:	GET
Request URI:	https://swapi.dev/api/people/1/
Proxy:			<none>
Request params:	<none>
Query params:	<none>
Form params:	<none>
Path params:	<none>
Headers:		Accept=*/*
Cookies:		<none>
Multiparts:		<none>
Body:			<none>
HTTP/1.1 200 OK
Server: nginx/1.16.1
Date: Tue, 13 Aug 2024 16:45:26 GMT
Content-Type: application/json
Transfer-Encoding: chunked
Connection: keep-alive
Vary: Accept, Cookie
X-Frame-Options: SAMEORIGIN
ETag: "ee398610435c328f4d0a4e1b0d2f7bbc"
Allow: GET, HEAD, OPTIONS
Strict-Transport-Security: max-age=15768000

{
    "name": "Luke Skywalker",
    "height": "172",
    "mass": "77",
    "hair_color": "blond",
    "skin_color": "fair",
    "eye_color": "blue",
    "birth_year": "19BBY",
    "gender": "male",
    "homeworld": "https://swapi.dev/api/planets/1/",
    "films": [
        "https://swapi.dev/api/films/1/",
        "https://swapi.dev/api/films/2/",
        "https://swapi.dev/api/films/3/",
        "https://swapi.dev/api/films/6/"
    ],
    "species": [
        
    ],
    "vehicles": [
        "https://swapi.dev/api/vehicles/14/",
        "https://swapi.dev/api/vehicles/30/"
    ],
    "starships": [
        "https://swapi.dev/api/starships/12/",
        "https://swapi.dev/api/starships/22/"
    ],
    "created": "2014-12-09T13:50:51.644000Z",
    "edited": "2014-12-20T21:17:56.891000Z",
    "url": "https://swapi.dev/api/people/1/"
}
]]></system-out>
  </testcase>
  <testcase name="testAuthTokenJWT" classname="com.example.AuthTest" time="1.991">
    <system-out><![CDATA[Request method:	POST
Request URI:	https://barrigarest.wcaquino.me/signin
Proxy:			<none>
Request params:	<none>
Query params:	<none>
Form params:	<none>
Path params:	<none>
Headers:		Accept=*/*
				Content-Type=application/json
Cookies:		<none>
Multiparts:		<none>
Body:
{
    "senha": "Teste@123",
    "email": "email123@teste.com.br"
}
HTTP/1.1 200 OK
Server: nginx/1.12.1 (Ubuntu)
Date: Tue, 13 Aug 2024 16:45:27 GMT
Content-Type: application/json; charset=utf-8
Content-Length: 135
Connection: keep-alive
X-Powered-By: Express
Access-Control-Allow-Origin: *
ETag: W/"87-ObeZcku+0j0Nb2ACw8rGK+oHiW0"

{
    "id": 54792,
    "nome": "Teste",
    "token": "eyJ0eXAiOiJKV1QiLCJhbGciOiJIUzI1NiJ9.eyJpZCI6NTQ3OTJ9.LFesXndw12Z-UKQQ1YC8BNvyZ80N3-w2e33-eI861GI"
}
Request method:	GET
Request URI:	https://barrigarest.wcaquino.me/contas
Proxy:			<none>
Request params:	<none>
Query params:	<none>
Form params:	<none>
Path params:	<none>
Headers:		Authorization=JWT eyJ0eXAiOiJKV1QiLCJhbGciOiJIUzI1NiJ9.eyJpZCI6NTQ3OTJ9.LFesXndw12Z-UKQQ1YC8BNvyZ80N3-w2e33-eI861GI
				Accept=*/*
Cookies:		<none>
Multiparts:		<none>
Body:			<none>
HTTP/1.1 200 OK
Server: nginx/1.12.1 (Ubuntu)
Date: Tue, 13 Aug 2024 16:45:28 GMT
Content-Type: application/json; charset=utf-8
Content-Length: 74
Connection: keep-alive
X-Powered-By: Express
Access-Control-Allow-Origin: *
ETag: W/"4a-e1Osf9VvGnLk0mbByjrHuMQL6SE"

[
    {
        "id": 2230162,
        "nome": "Conta de Teste",
        "visivel": true,
        "usuario_id": 54792
    }
]
]]></system-out>
  </testcase>
  <testcase name="testWeather" classname="com.example.AuthTest" time="0.567">
    <system-out><![CDATA[Request method:	GET
Request URI:	https://api.openweathermap.org/data/2.5/weather?q=Salvador%2CBR&appid=6bd73aaadb3fe8bc989050f5a68ce77b&units=metric
Proxy:			<none>
Request params:	<none>
Query params:	q=Salvador,BR
				appid=6bd73aaadb3fe8bc989050f5a68ce77b
				units=metric
Form params:	<none>
Path params:	<none>
Headers:		Accept=*/*
Cookies:		<none>
Multiparts:		<none>
Body:			<none>
HTTP/1.1 200 OK
Server: openresty
Date: Tue, 13 Aug 2024 16:45:28 GMT
Content-Type: application/json; charset=utf-8
Content-Length: 497
Connection: keep-alive
X-Cache-Key: /data/2.5/weather?q=salvador%2cbr&units=metric
Access-Control-Allow-Origin: *
Access-Control-Allow-Credentials: true
Access-Control-Allow-Methods: GET, POST

{
    "coord": {
        "lon": -38.5108,
        "lat": -12.9711
    },
    "weather": [
        {
            "id": 800,
            "main": "Clear",
            "description": "clear sky",
            "icon": "01d"
        }
    ],
    "base": "stations",
    "main": {
        "temp": 26.21,
        "feels_like": 26.21,
        "temp_min": 26.21,
        "temp_max": 26.21,
        "pressure": 1017,
        "humidity": 75,
        "sea_level": 1017,
        "grnd_level": 1016
    },
    "visibility": 10000,
    "wind": {
        "speed": 7.16,
        "deg": 117,
        "gust": 7.28
    },
    "clouds": {
        "all": 3
    },
    "dt": 1723567376,
    "sys": {
        "country": "BR",
        "sunrise": 1723538944,
        "sunset": 1723580928
    },
    "timezone": -10800,
    "id": 3450554,
    "name": "Salvador",
    "cod": 200
}
]]></system-out>
  </testcase>
  <testcase name="testPasswordlessAccess" classname="com.example.AuthTest" time="0.745">
    <system-out><![CDATA[Request method:	GET
Request URI:	https://restapi.wcaquino.me/basicauth
Proxy:			<none>
Request params:	<none>
Query params:	<none>
Form params:	<none>
Path params:	<none>
Headers:		Accept=*/*
Cookies:		<none>
Multiparts:		<none>
Body:			<none>
HTTP/1.1 401 Unauthorized
Server: nginx/1.12.1 (Ubuntu)
Date: Tue, 13 Aug 2024 16:45:29 GMT
Content-Type: text/html; charset=utf-8
Content-Length: 0
Connection: keep-alive
X-Powered-By: Express
WWW-Authenticate: Basic
ETag: W/"0-2jmj7l5rSw0yVb/vlWAYkK/YBwk"
]]></system-out>
  </testcase>
  <testcase name="testPasswordAccess2" classname="com.example.AuthTest" time="1.158">
    <system-out><![CDATA[Request method:	GET
Request URI:	https://restapi.wcaquino.me/basicauth
Proxy:			<none>
Request params:	<none>
Query params:	<none>
Form params:	<none>
Path params:	<none>
Headers:		Accept=*/*
Cookies:		<none>
Multiparts:		<none>
Body:			<none>
HTTP/1.1 200 OK
Server: nginx/1.12.1 (Ubuntu)
Date: Tue, 13 Aug 2024 16:45:30 GMT
Content-Type: application/json; charset=utf-8
Content-Length: 19
Connection: keep-alive
X-Powered-By: Express
ETag: W/"13-nYuJU8xETVSdbOp0zjnj9+9YvMg"

{
    "status": "logado"
}
]]></system-out>
  </testcase>
  <testcase name="testPasswordAccess" classname="com.example.AuthTest" time="1.023">
    <system-out><![CDATA[Request method:	GET
Request URI:	https://admin:senha@restapi.wcaquino.me/basicauth
Proxy:			<none>
Request params:	<none>
Query params:	<none>
Form params:	<none>
Path params:	<none>
Headers:		Accept=*/*
Cookies:		<none>
Multiparts:		<none>
Body:			<none>
HTTP/1.1 200 OK
Server: nginx/1.12.1 (Ubuntu)
Date: Tue, 13 Aug 2024 16:45:31 GMT
Content-Type: application/json; charset=utf-8
Content-Length: 19
Connection: keep-alive
X-Powered-By: Express
ETag: W/"13-nYuJU8xETVSdbOp0zjnj9+9YvMg"

{
    "status": "logado"
}
]]></system-out>
  </testcase>
</testsuite>